<?xml version="1.0" encoding="UTF-8"?>
<!-- Generated by org.testng.reporters.JUnitXMLReporter -->
<testsuite ignored="0" hostname="LAPTOP-8DIBDOEP" failures="0" tests="17" name="testNg Files" time="25.032" errors="0" timestamp="2020-02-16T18:26:12 IST">
  <testcase classname="com.TestNgTest.GoogleTest" name="getTitle" time="0.044"/>
  <testcase classname="com.TestNgTest.GoogleTest" name="signIn" time="0.085"/>
  <testcase classname="com.TestNgTest.InvocationCount" name="sum" time="0.003"/>
  <testcase classname="com.TestNgTest.InvocationCount" name="sum" time="0.004"/>
  <testcase classname="com.TestNgTest.InvocationCount" name="sum" time="0.003"/>
  <testcase classname="com.TestNgTest.InvocationCount" name="sum" time="0.002"/>
  <testcase classname="com.TestNgTest.InvocationCount" name="sum" time="0.002"/>
  <testcase classname="com.TestNgTest.InvocationCount" name="sum" time="0.003"/>
  <testcase classname="com.TestNgTest.InvocationCount" name="sum" time="0.002"/>
  <testcase classname="com.TestNgTest.InvocationCount" name="sum" time="0.003"/>
  <testcase classname="com.TestNgTest.InvocationCount" name="sum" time="0.002"/>
  <testcase classname="com.TestNgTest.InvocationCount" name="sum" time="0.002"/>
  <testcase classname="com.TestNgTest.SampleTestNG" name="googleTitleTest" time="0.003"/>
  <testcase classname="com.TestNgTest.SampleTestNG" name="test2" time="0.003"/>
  <testcase classname="com.TestNgTest.SampleTestNG" name="test3" time="0.003"/>
  <testcase classname="com.TestNgTest.SampleTestNG" name="test4" time="0.004"/>
  <testcase classname="com.TestNgTest.SampleTestNG" name="test5" time="0.002"/>
</testsuite> <!-- testNg Files -->
