<?xml version="1.0" encoding="UTF-8"?>
<testng-results ignored="0" total="1" passed="1" failed="0" skipped="0">
  <reporter-output>
  </reporter-output>
  <suite started-at="2020-02-18T23:26:44 IST" name="Parameter passing check" finished-at="2020-02-18T23:26:58 IST" duration-ms="14626">
    <groups>
    </groups>
    <test started-at="2020-02-18T23:26:44 IST" name="ParameterTest" finished-at="2020-02-18T23:26:58 IST" duration-ms="14626">
      <class name="com.TestNgTest.ParameterPassingInTestNg">
        <test-method signature="parameterPass(java.lang.String, java.lang.String)[pri:0, instance:com.TestNgTest.ParameterPassingInTestNg@2aa3cd93]" started-at="2020-02-18T23:26:44 IST" name="parameterPass" finished-at="2020-02-18T23:26:58 IST" duration-ms="14578" status="PASS">
          <params>
            <param index="0">
              <value>
                <![CDATA[chrome]]>
              </value>
            </param>
            <param index="1">
              <value>
                <![CDATA[https://www.rediff.com/]]>
              </value>
            </param>
          </params>
          <reporter-output>
          </reporter-output>
        </test-method> <!-- parameterPass -->
      </class> <!-- com.TestNgTest.ParameterPassingInTestNg -->
    </test> <!-- ParameterTest -->
  </suite> <!-- Parameter passing check -->
</testng-results>
